
> storybook-app@0.1.0 storybook
> storybook dev -p 6006 --no-open

storybook v9.1.1

(node:65914) ExperimentalWarning: Type Stripping is an experimental feature and might change at any time
(Use `node --trace-warnings ...` to show where the warning was created)
info => Serving static files from /Users/isma/Work/code/Storybook/storybook-app/node_modules/@chromatic-com/storybook/assets at /addon-visual-tests-assets
info => Serving static files from ././public at /
info => Starting manager..
info => Starting preview..
info Using tsconfig paths for react-docgen
╭──────────────────────────────────────────────────╮
│                                                  │
│   [38;2;162;224;94mStorybook 9.1.1 for nextjs-vite started[39m        │
│   164 ms for manager and 505 ms for preview      │
│                                                  │
│    Local:            http://localhost:6006/      │
│    On your network:  http://172.20.10.9:6006/    │
│                                                  │
╰──────────────────────────────────────────────────╯
6:56:42 AM [vite] Internal server error: Failed to resolve import "cmdk" from "src/components/ui/command.tsx". Does the file exist?
  Plugin: vite:import-analysis
  File: /Users/isma/Work/code/Storybook/storybook-app/src/components/ui/command.tsx:4:44
  1  |  "use client";
  2  |  import { jsxDEV as _jsxDEV } from "react/jsx-dev-runtime";
  3  |  import { Command as CommandPrimitive } from "cmdk";
     |                                               ^
  4  |  import { SearchIcon } from "lucide-react";
  5  |  import { cn } from "../../lib/utils";
      at TransformPluginContext._formatLog (file:///Users/isma/Work/code/Storybook/storybook-app/node_modules/vite/dist/node/chunks/dep-eRCq8YxU.js:31645:43)
      at TransformPluginContext.error (file:///Users/isma/Work/code/Storybook/storybook-app/node_modules/vite/dist/node/chunks/dep-eRCq8YxU.js:31642:14)
      at normalizeUrl (file:///Users/isma/Work/code/Storybook/storybook-app/node_modules/vite/dist/node/chunks/dep-eRCq8YxU.js:30114:18)
      at process.processTicksAndRejections (node:internal/process/task_queues:105:5)
      at async file:///Users/isma/Work/code/Storybook/storybook-app/node_modules/vite/dist/node/chunks/dep-eRCq8YxU.js:30172:32
      at async Promise.all (index 1)
      at async TransformPluginContext.transform (file:///Users/isma/Work/code/Storybook/storybook-app/node_modules/vite/dist/node/chunks/dep-eRCq8YxU.js:30140:4)
      at async EnvironmentPluginContainer.transform (file:///Users/isma/Work/code/Storybook/storybook-app/node_modules/vite/dist/node/chunks/dep-eRCq8YxU.js:31443:14)
      at async loadAndTransform (file:///Users/isma/Work/code/Storybook/storybook-app/node_modules/vite/dist/node/chunks/dep-eRCq8YxU.js:26530:26)
6:56:42 AM [vite] (client) Pre-transform error: Failed to resolve import "cmdk" from "src/components/ui/command.tsx". Does the file exist?
  Plugin: vite:import-analysis
  File: /Users/isma/Work/code/Storybook/storybook-app/src/components/ui/command.tsx:4:44
  1  |  "use client";
  2  |  import { jsxDEV as _jsxDEV } from "react/jsx-dev-runtime";
  3  |  import { Command as CommandPrimitive } from "cmdk";
     |                                               ^
  4  |  import { SearchIcon } from "lucide-react";
  5  |  import { cn } from "../../lib/utils";
6:56:42 AM [vite] Internal server error: Failed to resolve import "@radix-ui/react-context-menu" from "src/components/ui/context-menu.tsx". Does the file exist?
  Plugin: vite:import-analysis
  File: /Users/isma/Work/code/Storybook/storybook-app/src/components/ui/context-menu.tsx:4:38
  1  |  "use client";
  2  |  import { jsxDEV as _jsxDEV } from "react/jsx-dev-runtime";
  3  |  import * as ContextMenuPrimitive from "@radix-ui/react-context-menu";
     |                                         ^
  4  |  import { CheckIcon, ChevronRightIcon, CircleIcon } from "lucide-react";
  5  |  import { cn } from "../../lib/utils";
      at TransformPluginContext._formatLog (file:///Users/isma/Work/code/Storybook/storybook-app/node_modules/vite/dist/node/chunks/dep-eRCq8YxU.js:31645:43)
      at TransformPluginContext.error (file:///Users/isma/Work/code/Storybook/storybook-app/node_modules/vite/dist/node/chunks/dep-eRCq8YxU.js:31642:14)
      at normalizeUrl (file:///Users/isma/Work/code/Storybook/storybook-app/node_modules/vite/dist/node/chunks/dep-eRCq8YxU.js:30114:18)
      at process.processTicksAndRejections (node:internal/process/task_queues:105:5)
      at async file:///Users/isma/Work/code/Storybook/storybook-app/node_modules/vite/dist/node/chunks/dep-eRCq8YxU.js:30172:32
      at async Promise.all (index 1)
      at async TransformPluginContext.transform (file:///Users/isma/Work/code/Storybook/storybook-app/node_modules/vite/dist/node/chunks/dep-eRCq8YxU.js:30140:4)
      at async EnvironmentPluginContainer.transform (file:///Users/isma/Work/code/Storybook/storybook-app/node_modules/vite/dist/node/chunks/dep-eRCq8YxU.js:31443:14)
      at async loadAndTransform (file:///Users/isma/Work/code/Storybook/storybook-app/node_modules/vite/dist/node/chunks/dep-eRCq8YxU.js:26530:26)
6:56:42 AM [vite] (client) Pre-transform error: Failed to resolve import "@radix-ui/react-context-menu" from "src/components/ui/context-menu.tsx". Does the file exist?
  Plugin: vite:import-analysis
  File: /Users/isma/Work/code/Storybook/storybook-app/src/components/ui/context-menu.tsx:4:38
  1  |  "use client";
  2  |  import { jsxDEV as _jsxDEV } from "react/jsx-dev-runtime";
  3  |  import * as ContextMenuPrimitive from "@radix-ui/react-context-menu";
     |                                         ^
  4  |  import { CheckIcon, ChevronRightIcon, CircleIcon } from "lucide-react";
  5  |  import { cn } from "../../lib/utils";
6:56:42 AM [vite] Internal server error: Failed to resolve import "@radix-ui/react-hover-card" from "src/components/ui/hover-card.tsx". Does the file exist?
  Plugin: vite:import-analysis
  File: /Users/isma/Work/code/Storybook/storybook-app/src/components/ui/hover-card.tsx:4:36
  1  |  "use client";
  2  |  import { jsxDEV as _jsxDEV } from "react/jsx-dev-runtime";
  3  |  import * as HoverCardPrimitive from "@radix-ui/react-hover-card";
     |                                       ^
  4  |  import { cn } from "../../lib/utils";
  5  |  function HoverCard({ ...props }) {
      at TransformPluginContext._formatLog (file:///Users/isma/Work/code/Storybook/storybook-app/node_modules/vite/dist/node/chunks/dep-eRCq8YxU.js:31645:43)
      at TransformPluginContext.error (file:///Users/isma/Work/code/Storybook/storybook-app/node_modules/vite/dist/node/chunks/dep-eRCq8YxU.js:31642:14)
      at normalizeUrl (file:///Users/isma/Work/code/Storybook/storybook-app/node_modules/vite/dist/node/chunks/dep-eRCq8YxU.js:30114:18)
      at process.processTicksAndRejections (node:internal/process/task_queues:105:5)
      at async file:///Users/isma/Work/code/Storybook/storybook-app/node_modules/vite/dist/node/chunks/dep-eRCq8YxU.js:30172:32
      at async Promise.all (index 1)
      at async TransformPluginContext.transform (file:///Users/isma/Work/code/Storybook/storybook-app/node_modules/vite/dist/node/chunks/dep-eRCq8YxU.js:30140:4)
      at async EnvironmentPluginContainer.transform (file:///Users/isma/Work/code/Storybook/storybook-app/node_modules/vite/dist/node/chunks/dep-eRCq8YxU.js:31443:14)
      at async loadAndTransform (file:///Users/isma/Work/code/Storybook/storybook-app/node_modules/vite/dist/node/chunks/dep-eRCq8YxU.js:26530:26)
6:56:42 AM [vite] (client) Pre-transform error: Failed to resolve import "@radix-ui/react-hover-card" from "src/components/ui/hover-card.tsx". Does the file exist?
  Plugin: vite:import-analysis
  File: /Users/isma/Work/code/Storybook/storybook-app/src/components/ui/hover-card.tsx:4:36
  1  |  "use client";
  2  |  import { jsxDEV as _jsxDEV } from "react/jsx-dev-runtime";
  3  |  import * as HoverCardPrimitive from "@radix-ui/react-hover-card";
     |                                       ^
  4  |  import { cn } from "../../lib/utils";
  5  |  function HoverCard({ ...props }) {
6:56:42 AM [vite] Internal server error: Failed to resolve import "@radix-ui/react-menubar" from "src/components/ui/menubar.tsx". Does the file exist?
  Plugin: vite:import-analysis
  File: /Users/isma/Work/code/Storybook/storybook-app/src/components/ui/menubar.tsx:4:34
  1  |  "use client";
  2  |  import { jsxDEV as _jsxDEV } from "react/jsx-dev-runtime";
  3  |  import * as MenubarPrimitive from "@radix-ui/react-menubar";
     |                                     ^
  4  |  import { CheckIcon, ChevronRightIcon, CircleIcon } from "lucide-react";
  5  |  import { cn } from "../../lib/utils";
      at TransformPluginContext._formatLog (file:///Users/isma/Work/code/Storybook/storybook-app/node_modules/vite/dist/node/chunks/dep-eRCq8YxU.js:31645:43)
      at TransformPluginContext.error (file:///Users/isma/Work/code/Storybook/storybook-app/node_modules/vite/dist/node/chunks/dep-eRCq8YxU.js:31642:14)
      at normalizeUrl (file:///Users/isma/Work/code/Storybook/storybook-app/node_modules/vite/dist/node/chunks/dep-eRCq8YxU.js:30114:18)
      at process.processTicksAndRejections (node:internal/process/task_queues:105:5)
      at async file:///Users/isma/Work/code/Storybook/storybook-app/node_modules/vite/dist/node/chunks/dep-eRCq8YxU.js:30172:32
      at async Promise.all (index 1)
      at async TransformPluginContext.transform (file:///Users/isma/Work/code/Storybook/storybook-app/node_modules/vite/dist/node/chunks/dep-eRCq8YxU.js:30140:4)
      at async EnvironmentPluginContainer.transform (file:///Users/isma/Work/code/Storybook/storybook-app/node_modules/vite/dist/node/chunks/dep-eRCq8YxU.js:31443:14)
      at async loadAndTransform (file:///Users/isma/Work/code/Storybook/storybook-app/node_modules/vite/dist/node/chunks/dep-eRCq8YxU.js:26530:26)
6:56:42 AM [vite] (client) Pre-transform error: Failed to resolve import "@radix-ui/react-menubar" from "src/components/ui/menubar.tsx". Does the file exist?
  Plugin: vite:import-analysis
  File: /Users/isma/Work/code/Storybook/storybook-app/src/components/ui/menubar.tsx:4:34
  1  |  "use client";
  2  |  import { jsxDEV as _jsxDEV } from "react/jsx-dev-runtime";
  3  |  import * as MenubarPrimitive from "@radix-ui/react-menubar";
     |                                     ^
  4  |  import { CheckIcon, ChevronRightIcon, CircleIcon } from "lucide-react";
  5  |  import { cn } from "../../lib/utils";
6:56:42 AM [vite] Internal server error: Failed to resolve import "@radix-ui/react-navigation-menu" from "src/components/ui/navigation-menu.tsx". Does the file exist?
  Plugin: vite:import-analysis
  File: /Users/isma/Work/code/Storybook/storybook-app/src/components/ui/navigation-menu.tsx:2:41
  1  |  import { jsxDEV as _jsxDEV } from "react/jsx-dev-runtime";
  2  |  import * as NavigationMenuPrimitive from "@radix-ui/react-navigation-menu";
     |                                            ^
  3  |  import { cva } from "class-variance-authority";
  4  |  import { ChevronDownIcon } from "lucide-react";
      at TransformPluginContext._formatLog (file:///Users/isma/Work/code/Storybook/storybook-app/node_modules/vite/dist/node/chunks/dep-eRCq8YxU.js:31645:43)
      at TransformPluginContext.error (file:///Users/isma/Work/code/Storybook/storybook-app/node_modules/vite/dist/node/chunks/dep-eRCq8YxU.js:31642:14)
      at normalizeUrl (file:///Users/isma/Work/code/Storybook/storybook-app/node_modules/vite/dist/node/chunks/dep-eRCq8YxU.js:30114:18)
      at process.processTicksAndRejections (node:internal/process/task_queues:105:5)
      at async file:///Users/isma/Work/code/Storybook/storybook-app/node_modules/vite/dist/node/chunks/dep-eRCq8YxU.js:30172:32
      at async Promise.all (index 1)
      at async TransformPluginContext.transform (file:///Users/isma/Work/code/Storybook/storybook-app/node_modules/vite/dist/node/chunks/dep-eRCq8YxU.js:30140:4)
      at async EnvironmentPluginContainer.transform (file:///Users/isma/Work/code/Storybook/storybook-app/node_modules/vite/dist/node/chunks/dep-eRCq8YxU.js:31443:14)
      at async loadAndTransform (file:///Users/isma/Work/code/Storybook/storybook-app/node_modules/vite/dist/node/chunks/dep-eRCq8YxU.js:26530:26)
6:56:42 AM [vite] (client) Pre-transform error: Failed to resolve import "@radix-ui/react-navigation-menu" from "src/components/ui/navigation-menu.tsx". Does the file exist?
  Plugin: vite:import-analysis
  File: /Users/isma/Work/code/Storybook/storybook-app/src/components/ui/navigation-menu.tsx:2:41
  1  |  import { jsxDEV as _jsxDEV } from "react/jsx-dev-runtime";
  2  |  import * as NavigationMenuPrimitive from "@radix-ui/react-navigation-menu";
     |                                            ^
  3  |  import { cva } from "class-variance-authority";
  4  |  import { ChevronDownIcon } from "lucide-react";
6:56:42 AM [vite] Internal server error: Failed to resolve import "input-otp" from "src/components/ui/input-otp.tsx". Does the file exist?
  Plugin: vite:import-analysis
  File: /Users/isma/Work/code/Storybook/storybook-app/src/components/ui/input-otp.tsx:4:42
  2  |  import { jsxDEV as _jsxDEV } from "react/jsx-dev-runtime";
  3  |  import * as React from "react";
  4  |  import { OTPInput, OTPInputContext } from "input-otp";
     |                                             ^
  5  |  import { MinusIcon } from "lucide-react";
  6  |  import { cn } from "../../lib/utils";
      at TransformPluginContext._formatLog (file:///Users/isma/Work/code/Storybook/storybook-app/node_modules/vite/dist/node/chunks/dep-eRCq8YxU.js:31645:43)
      at TransformPluginContext.error (file:///Users/isma/Work/code/Storybook/storybook-app/node_modules/vite/dist/node/chunks/dep-eRCq8YxU.js:31642:14)
      at normalizeUrl (file:///Users/isma/Work/code/Storybook/storybook-app/node_modules/vite/dist/node/chunks/dep-eRCq8YxU.js:30114:18)
      at process.processTicksAndRejections (node:internal/process/task_queues:105:5)
      at async file:///Users/isma/Work/code/Storybook/storybook-app/node_modules/vite/dist/node/chunks/dep-eRCq8YxU.js:30172:32
      at async Promise.all (index 2)
      at async TransformPluginContext.transform (file:///Users/isma/Work/code/Storybook/storybook-app/node_modules/vite/dist/node/chunks/dep-eRCq8YxU.js:30140:4)
      at async EnvironmentPluginContainer.transform (file:///Users/isma/Work/code/Storybook/storybook-app/node_modules/vite/dist/node/chunks/dep-eRCq8YxU.js:31443:14)
      at async loadAndTransform (file:///Users/isma/Work/code/Storybook/storybook-app/node_modules/vite/dist/node/chunks/dep-eRCq8YxU.js:26530:26)
6:56:42 AM [vite] (client) Pre-transform error: Failed to resolve import "input-otp" from "src/components/ui/input-otp.tsx". Does the file exist?
  Plugin: vite:import-analysis
  File: /Users/isma/Work/code/Storybook/storybook-app/src/components/ui/input-otp.tsx:4:42
  2  |  import { jsxDEV as _jsxDEV } from "react/jsx-dev-runtime";
  3  |  import * as React from "react";
  4  |  import { OTPInput, OTPInputContext } from "input-otp";
     |                                             ^
  5  |  import { MinusIcon } from "lucide-react";
  6  |  import { cn } from "../../lib/utils";
6:56:42 AM [vite] Internal server error: Failed to resolve import "react-hook-form" from "src/components/ui/form.tsx". Does the file exist?
  Plugin: vite:import-analysis
  File: /Users/isma/Work/code/Storybook/storybook-app/src/components/ui/form.tsx:14:7
  3  |  import * as React from "react";
  4  |  import { Slot } from "@radix-ui/react-slot";
  5  |  import { Controller, FormProvider, useFormContext, useFormState } from "react-hook-form";
     |                                                                          ^
  6  |  import { cn } from "../../lib/utils";
  7  |  import { Label } from "./label";
      at TransformPluginContext._formatLog (file:///Users/isma/Work/code/Storybook/storybook-app/node_modules/vite/dist/node/chunks/dep-eRCq8YxU.js:31645:43)
      at TransformPluginContext.error (file:///Users/isma/Work/code/Storybook/storybook-app/node_modules/vite/dist/node/chunks/dep-eRCq8YxU.js:31642:14)
      at normalizeUrl (file:///Users/isma/Work/code/Storybook/storybook-app/node_modules/vite/dist/node/chunks/dep-eRCq8YxU.js:30114:18)
      at process.processTicksAndRejections (node:internal/process/task_queues:105:5)
      at async file:///Users/isma/Work/code/Storybook/storybook-app/node_modules/vite/dist/node/chunks/dep-eRCq8YxU.js:30172:32
      at async Promise.all (index 3)
      at async TransformPluginContext.transform (file:///Users/isma/Work/code/Storybook/storybook-app/node_modules/vite/dist/node/chunks/dep-eRCq8YxU.js:30140:4)
      at async EnvironmentPluginContainer.transform (file:///Users/isma/Work/code/Storybook/storybook-app/node_modules/vite/dist/node/chunks/dep-eRCq8YxU.js:31443:14)
      at async loadAndTransform (file:///Users/isma/Work/code/Storybook/storybook-app/node_modules/vite/dist/node/chunks/dep-eRCq8YxU.js:26530:26)
6:56:42 AM [vite] (client) Pre-transform error: Failed to resolve import "react-hook-form" from "src/components/ui/form.tsx". Does the file exist?
  Plugin: vite:import-analysis
  File: /Users/isma/Work/code/Storybook/storybook-app/src/components/ui/form.tsx:14:7
  3  |  import * as React from "react";
  4  |  import { Slot } from "@radix-ui/react-slot";
  5  |  import { Controller, FormProvider, useFormContext, useFormState } from "react-hook-form";
     |                                                                          ^
  6  |  import { cn } from "../../lib/utils";
  7  |  import { Label } from "./label";
6:56:42 AM [vite] Internal server error: Failed to resolve import "@radix-ui/react-aspect-ratio" from "src/components/ui/aspect-ratio.tsx". Does the file exist?
  Plugin: vite:import-analysis
  File: /Users/isma/Work/code/Storybook/storybook-app/src/components/ui/aspect-ratio.tsx:3:38
  1  |  "use client";
  2  |  import { jsxDEV as _jsxDEV } from "react/jsx-dev-runtime";
  3  |  import * as AspectRatioPrimitive from "@radix-ui/react-aspect-ratio";
     |                                         ^
  4  |  function AspectRatio({ ...props }) {
  5  |    return /* @__PURE__ */ _jsxDEV(AspectRatioPrimitive.Root, {
      at TransformPluginContext._formatLog (file:///Users/isma/Work/code/Storybook/storybook-app/node_modules/vite/dist/node/chunks/dep-eRCq8YxU.js:31645:43)
      at TransformPluginContext.error (file:///Users/isma/Work/code/Storybook/storybook-app/node_modules/vite/dist/node/chunks/dep-eRCq8YxU.js:31642:14)
      at normalizeUrl (file:///Users/isma/Work/code/Storybook/storybook-app/node_modules/vite/dist/node/chunks/dep-eRCq8YxU.js:30114:18)
      at process.processTicksAndRejections (node:internal/process/task_queues:105:5)
      at async file:///Users/isma/Work/code/Storybook/storybook-app/node_modules/vite/dist/node/chunks/dep-eRCq8YxU.js:30172:32
      at async Promise.all (index 1)
      at async TransformPluginContext.transform (file:///Users/isma/Work/code/Storybook/storybook-app/node_modules/vite/dist/node/chunks/dep-eRCq8YxU.js:30140:4)
      at async EnvironmentPluginContainer.transform (file:///Users/isma/Work/code/Storybook/storybook-app/node_modules/vite/dist/node/chunks/dep-eRCq8YxU.js:31443:14)
      at async loadAndTransform (file:///Users/isma/Work/code/Storybook/storybook-app/node_modules/vite/dist/node/chunks/dep-eRCq8YxU.js:26530:26)
6:56:42 AM [vite] (client) Pre-transform error: Failed to resolve import "@radix-ui/react-aspect-ratio" from "src/components/ui/aspect-ratio.tsx". Does the file exist?
  Plugin: vite:import-analysis
  File: /Users/isma/Work/code/Storybook/storybook-app/src/components/ui/aspect-ratio.tsx:3:38
  1  |  "use client";
  2  |  import { jsxDEV as _jsxDEV } from "react/jsx-dev-runtime";
  3  |  import * as AspectRatioPrimitive from "@radix-ui/react-aspect-ratio";
     |                                         ^
  4  |  function AspectRatio({ ...props }) {
  5  |    return /* @__PURE__ */ _jsxDEV(AspectRatioPrimitive.Root, {
6:56:42 AM [vite] Internal server error: Failed to resolve import "@radix-ui/react-alert-dialog" from "src/components/ui/alert-dialog.tsx". Does the file exist?
  Plugin: vite:import-analysis
  File: /Users/isma/Work/code/Storybook/storybook-app/src/components/ui/alert-dialog.tsx:4:38
  1  |  "use client";
  2  |  import { jsxDEV as _jsxDEV } from "react/jsx-dev-runtime";
  3  |  import * as AlertDialogPrimitive from "@radix-ui/react-alert-dialog";
     |                                         ^
  4  |  import { cn } from "../../lib/utils";
  5  |  import { buttonVariants } from "./button";
      at TransformPluginContext._formatLog (file:///Users/isma/Work/code/Storybook/storybook-app/node_modules/vite/dist/node/chunks/dep-eRCq8YxU.js:31645:43)
      at TransformPluginContext.error (file:///Users/isma/Work/code/Storybook/storybook-app/node_modules/vite/dist/node/chunks/dep-eRCq8YxU.js:31642:14)
      at normalizeUrl (file:///Users/isma/Work/code/Storybook/storybook-app/node_modules/vite/dist/node/chunks/dep-eRCq8YxU.js:30114:18)
      at process.processTicksAndRejections (node:internal/process/task_queues:105:5)
      at async file:///Users/isma/Work/code/Storybook/storybook-app/node_modules/vite/dist/node/chunks/dep-eRCq8YxU.js:30172:32
      at async Promise.all (index 1)
      at async TransformPluginContext.transform (file:///Users/isma/Work/code/Storybook/storybook-app/node_modules/vite/dist/node/chunks/dep-eRCq8YxU.js:30140:4)
      at async EnvironmentPluginContainer.transform (file:///Users/isma/Work/code/Storybook/storybook-app/node_modules/vite/dist/node/chunks/dep-eRCq8YxU.js:31443:14)
      at async loadAndTransform (file:///Users/isma/Work/code/Storybook/storybook-app/node_modules/vite/dist/node/chunks/dep-eRCq8YxU.js:26530:26)
6:56:42 AM [vite] (client) Pre-transform error: Failed to resolve import "@radix-ui/react-alert-dialog" from "src/components/ui/alert-dialog.tsx". Does the file exist?
  Plugin: vite:import-analysis
  File: /Users/isma/Work/code/Storybook/storybook-app/src/components/ui/alert-dialog.tsx:4:38
  1  |  "use client";
  2  |  import { jsxDEV as _jsxDEV } from "react/jsx-dev-runtime";
  3  |  import * as AlertDialogPrimitive from "@radix-ui/react-alert-dialog";
     |                                         ^
  4  |  import { cn } from "../../lib/utils";
  5  |  import { buttonVariants } from "./button";
6:56:43 AM [vite] (client) ✨ new dependencies optimized: @radix-ui/react-collapsible
6:56:43 AM [vite] (client) ✨ optimized dependencies changed. reloading
6:56:43 AM [vite] (client) Pre-transform error: Failed to resolve import "@radix-ui/react-aspect-ratio" from "src/components/ui/aspect-ratio.tsx". Does the file exist?
  Plugin: vite:import-analysis
  File: /Users/isma/Work/code/Storybook/storybook-app/src/components/ui/aspect-ratio.tsx:3:38
  1  |  "use client";
  2  |  import { jsxDEV as _jsxDEV } from "react/jsx-dev-runtime";
  3  |  import * as AspectRatioPrimitive from "@radix-ui/react-aspect-ratio";
     |                                         ^
  4  |  function AspectRatio({ ...props }) {
  5  |    return /* @__PURE__ */ _jsxDEV(AspectRatioPrimitive.Root, {
6:56:43 AM [vite] Internal server error: Failed to resolve import "@radix-ui/react-aspect-ratio" from "src/components/ui/aspect-ratio.tsx". Does the file exist?
  Plugin: vite:import-analysis
  File: /Users/isma/Work/code/Storybook/storybook-app/src/components/ui/aspect-ratio.tsx:3:38
  1  |  "use client";
  2  |  import { jsxDEV as _jsxDEV } from "react/jsx-dev-runtime";
  3  |  import * as AspectRatioPrimitive from "@radix-ui/react-aspect-ratio";
     |                                         ^
  4  |  function AspectRatio({ ...props }) {
  5  |    return /* @__PURE__ */ _jsxDEV(AspectRatioPrimitive.Root, {
      at TransformPluginContext._formatLog (file:///Users/isma/Work/code/Storybook/storybook-app/node_modules/vite/dist/node/chunks/dep-eRCq8YxU.js:31645:43)
      at TransformPluginContext.error (file:///Users/isma/Work/code/Storybook/storybook-app/node_modules/vite/dist/node/chunks/dep-eRCq8YxU.js:31642:14)
      at normalizeUrl (file:///Users/isma/Work/code/Storybook/storybook-app/node_modules/vite/dist/node/chunks/dep-eRCq8YxU.js:30114:18)
      at process.processTicksAndRejections (node:internal/process/task_queues:105:5)
      at async file:///Users/isma/Work/code/Storybook/storybook-app/node_modules/vite/dist/node/chunks/dep-eRCq8YxU.js:30172:32
      at async Promise.all (index 1)
      at async TransformPluginContext.transform (file:///Users/isma/Work/code/Storybook/storybook-app/node_modules/vite/dist/node/chunks/dep-eRCq8YxU.js:30140:4)
      at async EnvironmentPluginContainer.transform (file:///Users/isma/Work/code/Storybook/storybook-app/node_modules/vite/dist/node/chunks/dep-eRCq8YxU.js:31443:14)
      at async loadAndTransform (file:///Users/isma/Work/code/Storybook/storybook-app/node_modules/vite/dist/node/chunks/dep-eRCq8YxU.js:26530:26)
      at async viteTransformMiddleware (file:///Users/isma/Work/code/Storybook/storybook-app/node_modules/vite/dist/node/chunks/dep-eRCq8YxU.js:27615:20)
6:56:47 AM [vite] Internal server error: Failed to resolve import "@radix-ui/react-alert-dialog" from "src/components/ui/alert-dialog.tsx". Does the file exist?
  Plugin: vite:import-analysis
  File: /Users/isma/Work/code/Storybook/storybook-app/src/components/ui/alert-dialog.tsx:4:38
  1  |  "use client";
  2  |  import { jsxDEV as _jsxDEV } from "react/jsx-dev-runtime";
  3  |  import * as AlertDialogPrimitive from "@radix-ui/react-alert-dialog";
     |                                         ^
  4  |  import { cn } from "../../lib/utils";
  5  |  import { buttonVariants } from "./button";
      at TransformPluginContext._formatLog (file:///Users/isma/Work/code/Storybook/storybook-app/node_modules/vite/dist/node/chunks/dep-eRCq8YxU.js:31645:43)
      at TransformPluginContext.error (file:///Users/isma/Work/code/Storybook/storybook-app/node_modules/vite/dist/node/chunks/dep-eRCq8YxU.js:31642:14)
      at normalizeUrl (file:///Users/isma/Work/code/Storybook/storybook-app/node_modules/vite/dist/node/chunks/dep-eRCq8YxU.js:30114:18)
      at process.processTicksAndRejections (node:internal/process/task_queues:105:5)
      at async file:///Users/isma/Work/code/Storybook/storybook-app/node_modules/vite/dist/node/chunks/dep-eRCq8YxU.js:30172:32
      at async Promise.all (index 1)
      at async TransformPluginContext.transform (file:///Users/isma/Work/code/Storybook/storybook-app/node_modules/vite/dist/node/chunks/dep-eRCq8YxU.js:30140:4)
      at async EnvironmentPluginContainer.transform (file:///Users/isma/Work/code/Storybook/storybook-app/node_modules/vite/dist/node/chunks/dep-eRCq8YxU.js:31443:14)
      at async loadAndTransform (file:///Users/isma/Work/code/Storybook/storybook-app/node_modules/vite/dist/node/chunks/dep-eRCq8YxU.js:26530:26)
6:56:47 AM [vite] (client) Pre-transform error: Failed to resolve import "@radix-ui/react-alert-dialog" from "src/components/ui/alert-dialog.tsx". Does the file exist?
  Plugin: vite:import-analysis
  File: /Users/isma/Work/code/Storybook/storybook-app/src/components/ui/alert-dialog.tsx:4:38
  1  |  "use client";
  2  |  import { jsxDEV as _jsxDEV } from "react/jsx-dev-runtime";
  3  |  import * as AlertDialogPrimitive from "@radix-ui/react-alert-dialog";
     |                                         ^
  4  |  import { cn } from "../../lib/utils";
  5  |  import { buttonVariants } from "./button";
6:57:04 AM [vite] Internal server error: Failed to resolve import "embla-carousel-react" from "src/components/ui/carousel.tsx". Does the file exist?
  Plugin: vite:import-analysis
  File: /Users/isma/Work/code/Storybook/storybook-app/src/components/ui/carousel.tsx:6:7
  2  |  import { jsxDEV as _jsxDEV } from "react/jsx-dev-runtime";
  3  |  import * as React from "react";
  4  |  import useEmblaCarousel from "embla-carousel-react";
     |                                ^
  5  |  import { ArrowLeft, ArrowRight } from "lucide-react";
  6  |  import { cn } from "../../lib/utils";
      at TransformPluginContext._formatLog (file:///Users/isma/Work/code/Storybook/storybook-app/node_modules/vite/dist/node/chunks/dep-eRCq8YxU.js:31645:43)
      at TransformPluginContext.error (file:///Users/isma/Work/code/Storybook/storybook-app/node_modules/vite/dist/node/chunks/dep-eRCq8YxU.js:31642:14)
      at normalizeUrl (file:///Users/isma/Work/code/Storybook/storybook-app/node_modules/vite/dist/node/chunks/dep-eRCq8YxU.js:30114:18)
      at process.processTicksAndRejections (node:internal/process/task_queues:105:5)
      at async file:///Users/isma/Work/code/Storybook/storybook-app/node_modules/vite/dist/node/chunks/dep-eRCq8YxU.js:30172:32
      at async Promise.all (index 2)
      at async TransformPluginContext.transform (file:///Users/isma/Work/code/Storybook/storybook-app/node_modules/vite/dist/node/chunks/dep-eRCq8YxU.js:30140:4)
      at async EnvironmentPluginContainer.transform (file:///Users/isma/Work/code/Storybook/storybook-app/node_modules/vite/dist/node/chunks/dep-eRCq8YxU.js:31443:14)
      at async loadAndTransform (file:///Users/isma/Work/code/Storybook/storybook-app/node_modules/vite/dist/node/chunks/dep-eRCq8YxU.js:26530:26)
6:57:04 AM [vite] (client) Pre-transform error: Failed to resolve import "embla-carousel-react" from "src/components/ui/carousel.tsx". Does the file exist?
  Plugin: vite:import-analysis
  File: /Users/isma/Work/code/Storybook/storybook-app/src/components/ui/carousel.tsx:6:7
  2  |  import { jsxDEV as _jsxDEV } from "react/jsx-dev-runtime";
  3  |  import * as React from "react";
  4  |  import useEmblaCarousel from "embla-carousel-react";
     |                                ^
  5  |  import { ArrowLeft, ArrowRight } from "lucide-react";
  6  |  import { cn } from "../../lib/utils";
6:57:04 AM [vite] Internal server error: Failed to resolve import "recharts" from "src/components/ui/chart.tsx". Does the file exist?
  Plugin: vite:import-analysis
  File: /Users/isma/Work/code/Storybook/storybook-app/src/components/ui/chart.tsx:4:35
  2  |  import { jsxDEV as _jsxDEV, Fragment as _Fragment } from "react/jsx-dev-runtime";
  3  |  import * as React from "react";
  4  |  import * as RechartsPrimitive from "recharts";
     |                                      ^
  5  |  import { cn } from "../../lib/utils";
  6  |  const THEMES = {
      at TransformPluginContext._formatLog (file:///Users/isma/Work/code/Storybook/storybook-app/node_modules/vite/dist/node/chunks/dep-eRCq8YxU.js:31645:43)
      at TransformPluginContext.error (file:///Users/isma/Work/code/Storybook/storybook-app/node_modules/vite/dist/node/chunks/dep-eRCq8YxU.js:31642:14)
      at normalizeUrl (file:///Users/isma/Work/code/Storybook/storybook-app/node_modules/vite/dist/node/chunks/dep-eRCq8YxU.js:30114:18)
      at process.processTicksAndRejections (node:internal/process/task_queues:105:5)
      at async file:///Users/isma/Work/code/Storybook/storybook-app/node_modules/vite/dist/node/chunks/dep-eRCq8YxU.js:30172:32
      at async Promise.all (index 2)
      at async TransformPluginContext.transform (file:///Users/isma/Work/code/Storybook/storybook-app/node_modules/vite/dist/node/chunks/dep-eRCq8YxU.js:30140:4)
      at async EnvironmentPluginContainer.transform (file:///Users/isma/Work/code/Storybook/storybook-app/node_modules/vite/dist/node/chunks/dep-eRCq8YxU.js:31443:14)
      at async loadAndTransform (file:///Users/isma/Work/code/Storybook/storybook-app/node_modules/vite/dist/node/chunks/dep-eRCq8YxU.js:26530:26)
6:57:04 AM [vite] (client) Pre-transform error: Failed to resolve import "recharts" from "src/components/ui/chart.tsx". Does the file exist?
  Plugin: vite:import-analysis
  File: /Users/isma/Work/code/Storybook/storybook-app/src/components/ui/chart.tsx:4:35
  2  |  import { jsxDEV as _jsxDEV, Fragment as _Fragment } from "react/jsx-dev-runtime";
  3  |  import * as React from "react";
  4  |  import * as RechartsPrimitive from "recharts";
     |                                      ^
  5  |  import { cn } from "../../lib/utils";
  6  |  const THEMES = {
6:57:10 AM [vite] Internal server error: Failed to resolve import "cmdk" from "src/components/ui/command.tsx". Does the file exist?
  Plugin: vite:import-analysis
  File: /Users/isma/Work/code/Storybook/storybook-app/src/components/ui/command.tsx:4:44
  1  |  "use client";
  2  |  import { jsxDEV as _jsxDEV } from "react/jsx-dev-runtime";
  3  |  import { Command as CommandPrimitive } from "cmdk";
     |                                               ^
  4  |  import { SearchIcon } from "lucide-react";
  5  |  import { cn } from "../../lib/utils";
      at TransformPluginContext._formatLog (file:///Users/isma/Work/code/Storybook/storybook-app/node_modules/vite/dist/node/chunks/dep-eRCq8YxU.js:31645:43)
      at TransformPluginContext.error (file:///Users/isma/Work/code/Storybook/storybook-app/node_modules/vite/dist/node/chunks/dep-eRCq8YxU.js:31642:14)
      at normalizeUrl (file:///Users/isma/Work/code/Storybook/storybook-app/node_modules/vite/dist/node/chunks/dep-eRCq8YxU.js:30114:18)
      at process.processTicksAndRejections (node:internal/process/task_queues:105:5)
      at async file:///Users/isma/Work/code/Storybook/storybook-app/node_modules/vite/dist/node/chunks/dep-eRCq8YxU.js:30172:32
      at async Promise.all (index 1)
      at async TransformPluginContext.transform (file:///Users/isma/Work/code/Storybook/storybook-app/node_modules/vite/dist/node/chunks/dep-eRCq8YxU.js:30140:4)
      at async EnvironmentPluginContainer.transform (file:///Users/isma/Work/code/Storybook/storybook-app/node_modules/vite/dist/node/chunks/dep-eRCq8YxU.js:31443:14)
      at async loadAndTransform (file:///Users/isma/Work/code/Storybook/storybook-app/node_modules/vite/dist/node/chunks/dep-eRCq8YxU.js:26530:26)
6:57:10 AM [vite] (client) Pre-transform error: Failed to resolve import "cmdk" from "src/components/ui/command.tsx". Does the file exist?
  Plugin: vite:import-analysis
  File: /Users/isma/Work/code/Storybook/storybook-app/src/components/ui/command.tsx:4:44
  1  |  "use client";
  2  |  import { jsxDEV as _jsxDEV } from "react/jsx-dev-runtime";
  3  |  import { Command as CommandPrimitive } from "cmdk";
     |                                               ^
  4  |  import { SearchIcon } from "lucide-react";
  5  |  import { cn } from "../../lib/utils";
6:57:11 AM [vite] Internal server error: Failed to resolve import "@radix-ui/react-progress" from "src/components/ui/progress.tsx". Does the file exist?
  Plugin: vite:import-analysis
  File: /Users/isma/Work/code/Storybook/storybook-app/src/components/ui/progress.tsx:4:35
  1  |  "use client";
  2  |  import { jsxDEV as _jsxDEV } from "react/jsx-dev-runtime";
  3  |  import * as ProgressPrimitive from "@radix-ui/react-progress";
     |                                      ^
  4  |  import { cn } from "../../lib/utils";
  5  |  function Progress({ className, value, ...props }) {
      at TransformPluginContext._formatLog (file:///Users/isma/Work/code/Storybook/storybook-app/node_modules/vite/dist/node/chunks/dep-eRCq8YxU.js:31645:43)
      at TransformPluginContext.error (file:///Users/isma/Work/code/Storybook/storybook-app/node_modules/vite/dist/node/chunks/dep-eRCq8YxU.js:31642:14)
      at normalizeUrl (file:///Users/isma/Work/code/Storybook/storybook-app/node_modules/vite/dist/node/chunks/dep-eRCq8YxU.js:30114:18)
      at process.processTicksAndRejections (node:internal/process/task_queues:105:5)
      at async file:///Users/isma/Work/code/Storybook/storybook-app/node_modules/vite/dist/node/chunks/dep-eRCq8YxU.js:30172:32
      at async Promise.all (index 1)
      at async TransformPluginContext.transform (file:///Users/isma/Work/code/Storybook/storybook-app/node_modules/vite/dist/node/chunks/dep-eRCq8YxU.js:30140:4)
      at async EnvironmentPluginContainer.transform (file:///Users/isma/Work/code/Storybook/storybook-app/node_modules/vite/dist/node/chunks/dep-eRCq8YxU.js:31443:14)
      at async loadAndTransform (file:///Users/isma/Work/code/Storybook/storybook-app/node_modules/vite/dist/node/chunks/dep-eRCq8YxU.js:26530:26)
6:57:11 AM [vite] (client) Pre-transform error: Failed to resolve import "@radix-ui/react-progress" from "src/components/ui/progress.tsx". Does the file exist?
  Plugin: vite:import-analysis
  File: /Users/isma/Work/code/Storybook/storybook-app/src/components/ui/progress.tsx:4:35
  1  |  "use client";
  2  |  import { jsxDEV as _jsxDEV } from "react/jsx-dev-runtime";
  3  |  import * as ProgressPrimitive from "@radix-ui/react-progress";
     |                                      ^
  4  |  import { cn } from "../../lib/utils";
  5  |  function Progress({ className, value, ...props }) {
6:57:12 AM [vite] Internal server error: Failed to resolve import "@radix-ui/react-popover" from "src/components/ui/popover.tsx". Does the file exist?
  Plugin: vite:import-analysis
  File: /Users/isma/Work/code/Storybook/storybook-app/src/components/ui/popover.tsx:4:34
  1  |  "use client";
  2  |  import { jsxDEV as _jsxDEV } from "react/jsx-dev-runtime";
  3  |  import * as PopoverPrimitive from "@radix-ui/react-popover";
     |                                     ^
  4  |  import { cn } from "../../lib/utils";
  5  |  function Popover({ ...props }) {
      at TransformPluginContext._formatLog (file:///Users/isma/Work/code/Storybook/storybook-app/node_modules/vite/dist/node/chunks/dep-eRCq8YxU.js:31645:43)
      at TransformPluginContext.error (file:///Users/isma/Work/code/Storybook/storybook-app/node_modules/vite/dist/node/chunks/dep-eRCq8YxU.js:31642:14)
      at normalizeUrl (file:///Users/isma/Work/code/Storybook/storybook-app/node_modules/vite/dist/node/chunks/dep-eRCq8YxU.js:30114:18)
      at process.processTicksAndRejections (node:internal/process/task_queues:105:5)
      at async file:///Users/isma/Work/code/Storybook/storybook-app/node_modules/vite/dist/node/chunks/dep-eRCq8YxU.js:30172:32
      at async Promise.all (index 1)
      at async TransformPluginContext.transform (file:///Users/isma/Work/code/Storybook/storybook-app/node_modules/vite/dist/node/chunks/dep-eRCq8YxU.js:30140:4)
      at async EnvironmentPluginContainer.transform (file:///Users/isma/Work/code/Storybook/storybook-app/node_modules/vite/dist/node/chunks/dep-eRCq8YxU.js:31443:14)
      at async loadAndTransform (file:///Users/isma/Work/code/Storybook/storybook-app/node_modules/vite/dist/node/chunks/dep-eRCq8YxU.js:26530:26)
6:57:12 AM [vite] (client) Pre-transform error: Failed to resolve import "@radix-ui/react-popover" from "src/components/ui/popover.tsx". Does the file exist?
  Plugin: vite:import-analysis
  File: /Users/isma/Work/code/Storybook/storybook-app/src/components/ui/popover.tsx:4:34
  1  |  "use client";
  2  |  import { jsxDEV as _jsxDEV } from "react/jsx-dev-runtime";
  3  |  import * as PopoverPrimitive from "@radix-ui/react-popover";
     |                                     ^
  4  |  import { cn } from "../../lib/utils";
  5  |  function Popover({ ...props }) {
6:57:12 AM [vite] Internal server error: Failed to resolve import "@radix-ui/react-menubar" from "src/components/ui/menubar.tsx". Does the file exist?
  Plugin: vite:import-analysis
  File: /Users/isma/Work/code/Storybook/storybook-app/src/components/ui/menubar.tsx:4:34
  1  |  "use client";
  2  |  import { jsxDEV as _jsxDEV } from "react/jsx-dev-runtime";
  3  |  import * as MenubarPrimitive from "@radix-ui/react-menubar";
     |                                     ^
  4  |  import { CheckIcon, ChevronRightIcon, CircleIcon } from "lucide-react";
  5  |  import { cn } from "../../lib/utils";
      at TransformPluginContext._formatLog (file:///Users/isma/Work/code/Storybook/storybook-app/node_modules/vite/dist/node/chunks/dep-eRCq8YxU.js:31645:43)
      at TransformPluginContext.error (file:///Users/isma/Work/code/Storybook/storybook-app/node_modules/vite/dist/node/chunks/dep-eRCq8YxU.js:31642:14)
      at normalizeUrl (file:///Users/isma/Work/code/Storybook/storybook-app/node_modules/vite/dist/node/chunks/dep-eRCq8YxU.js:30114:18)
      at process.processTicksAndRejections (node:internal/process/task_queues:105:5)
      at async file:///Users/isma/Work/code/Storybook/storybook-app/node_modules/vite/dist/node/chunks/dep-eRCq8YxU.js:30172:32
      at async Promise.all (index 1)
      at async TransformPluginContext.transform (file:///Users/isma/Work/code/Storybook/storybook-app/node_modules/vite/dist/node/chunks/dep-eRCq8YxU.js:30140:4)
      at async EnvironmentPluginContainer.transform (file:///Users/isma/Work/code/Storybook/storybook-app/node_modules/vite/dist/node/chunks/dep-eRCq8YxU.js:31443:14)
      at async loadAndTransform (file:///Users/isma/Work/code/Storybook/storybook-app/node_modules/vite/dist/node/chunks/dep-eRCq8YxU.js:26530:26)
6:57:12 AM [vite] (client) Pre-transform error: Failed to resolve import "@radix-ui/react-menubar" from "src/components/ui/menubar.tsx". Does the file exist?
  Plugin: vite:import-analysis
  File: /Users/isma/Work/code/Storybook/storybook-app/src/components/ui/menubar.tsx:4:34
  1  |  "use client";
  2  |  import { jsxDEV as _jsxDEV } from "react/jsx-dev-runtime";
  3  |  import * as MenubarPrimitive from "@radix-ui/react-menubar";
     |                                     ^
  4  |  import { CheckIcon, ChevronRightIcon, CircleIcon } from "lucide-react";
  5  |  import { cn } from "../../lib/utils";
6:57:12 AM [vite] Internal server error: Failed to resolve import "@radix-ui/react-hover-card" from "src/components/ui/hover-card.tsx". Does the file exist?
  Plugin: vite:import-analysis
  File: /Users/isma/Work/code/Storybook/storybook-app/src/components/ui/hover-card.tsx:4:36
  1  |  "use client";
  2  |  import { jsxDEV as _jsxDEV } from "react/jsx-dev-runtime";
  3  |  import * as HoverCardPrimitive from "@radix-ui/react-hover-card";
     |                                       ^
  4  |  import { cn } from "../../lib/utils";
  5  |  function HoverCard({ ...props }) {
      at TransformPluginContext._formatLog (file:///Users/isma/Work/code/Storybook/storybook-app/node_modules/vite/dist/node/chunks/dep-eRCq8YxU.js:31645:43)
      at TransformPluginContext.error (file:///Users/isma/Work/code/Storybook/storybook-app/node_modules/vite/dist/node/chunks/dep-eRCq8YxU.js:31642:14)
      at normalizeUrl (file:///Users/isma/Work/code/Storybook/storybook-app/node_modules/vite/dist/node/chunks/dep-eRCq8YxU.js:30114:18)
      at process.processTicksAndRejections (node:internal/process/task_queues:105:5)
      at async file:///Users/isma/Work/code/Storybook/storybook-app/node_modules/vite/dist/node/chunks/dep-eRCq8YxU.js:30172:32
      at async Promise.all (index 1)
      at async TransformPluginContext.transform (file:///Users/isma/Work/code/Storybook/storybook-app/node_modules/vite/dist/node/chunks/dep-eRCq8YxU.js:30140:4)
      at async EnvironmentPluginContainer.transform (file:///Users/isma/Work/code/Storybook/storybook-app/node_modules/vite/dist/node/chunks/dep-eRCq8YxU.js:31443:14)
      at async loadAndTransform (file:///Users/isma/Work/code/Storybook/storybook-app/node_modules/vite/dist/node/chunks/dep-eRCq8YxU.js:26530:26)
6:57:12 AM [vite] (client) Pre-transform error: Failed to resolve import "@radix-ui/react-hover-card" from "src/components/ui/hover-card.tsx". Does the file exist?
  Plugin: vite:import-analysis
  File: /Users/isma/Work/code/Storybook/storybook-app/src/components/ui/hover-card.tsx:4:36
  1  |  "use client";
  2  |  import { jsxDEV as _jsxDEV } from "react/jsx-dev-runtime";
  3  |  import * as HoverCardPrimitive from "@radix-ui/react-hover-card";
     |                                       ^
  4  |  import { cn } from "../../lib/utils";
  5  |  function HoverCard({ ...props }) {
6:57:12 AM [vite] Internal server error: Failed to resolve import "react-hook-form" from "src/components/ui/form.tsx". Does the file exist?
  Plugin: vite:import-analysis
  File: /Users/isma/Work/code/Storybook/storybook-app/src/components/ui/form.tsx:14:7
  3  |  import * as React from "react";
  4  |  import { Slot } from "@radix-ui/react-slot";
  5  |  import { Controller, FormProvider, useFormContext, useFormState } from "react-hook-form";
     |                                                                          ^
  6  |  import { cn } from "../../lib/utils";
  7  |  import { Label } from "./label";
      at TransformPluginContext._formatLog (file:///Users/isma/Work/code/Storybook/storybook-app/node_modules/vite/dist/node/chunks/dep-eRCq8YxU.js:31645:43)
      at TransformPluginContext.error (file:///Users/isma/Work/code/Storybook/storybook-app/node_modules/vite/dist/node/chunks/dep-eRCq8YxU.js:31642:14)
      at normalizeUrl (file:///Users/isma/Work/code/Storybook/storybook-app/node_modules/vite/dist/node/chunks/dep-eRCq8YxU.js:30114:18)
      at process.processTicksAndRejections (node:internal/process/task_queues:105:5)
      at async file:///Users/isma/Work/code/Storybook/storybook-app/node_modules/vite/dist/node/chunks/dep-eRCq8YxU.js:30172:32
      at async Promise.all (index 3)
      at async TransformPluginContext.transform (file:///Users/isma/Work/code/Storybook/storybook-app/node_modules/vite/dist/node/chunks/dep-eRCq8YxU.js:30140:4)
      at async EnvironmentPluginContainer.transform (file:///Users/isma/Work/code/Storybook/storybook-app/node_modules/vite/dist/node/chunks/dep-eRCq8YxU.js:31443:14)
      at async loadAndTransform (file:///Users/isma/Work/code/Storybook/storybook-app/node_modules/vite/dist/node/chunks/dep-eRCq8YxU.js:26530:26)
6:57:12 AM [vite] (client) Pre-transform error: Failed to resolve import "react-hook-form" from "src/components/ui/form.tsx". Does the file exist?
  Plugin: vite:import-analysis
  File: /Users/isma/Work/code/Storybook/storybook-app/src/components/ui/form.tsx:14:7
  3  |  import * as React from "react";
  4  |  import { Slot } from "@radix-ui/react-slot";
  5  |  import { Controller, FormProvider, useFormContext, useFormState } from "react-hook-form";
     |                                                                          ^
  6  |  import { cn } from "../../lib/utils";
  7  |  import { Label } from "./label";
6:57:16 AM [vite] Internal server error: Failed to resolve import "@radix-ui/react-context-menu" from "src/components/ui/context-menu.tsx". Does the file exist?
  Plugin: vite:import-analysis
  File: /Users/isma/Work/code/Storybook/storybook-app/src/components/ui/context-menu.tsx:4:38
  1  |  "use client";
  2  |  import { jsxDEV as _jsxDEV } from "react/jsx-dev-runtime";
  3  |  import * as ContextMenuPrimitive from "@radix-ui/react-context-menu";
     |                                         ^
  4  |  import { CheckIcon, ChevronRightIcon, CircleIcon } from "lucide-react";
  5  |  import { cn } from "../../lib/utils";
      at TransformPluginContext._formatLog (file:///Users/isma/Work/code/Storybook/storybook-app/node_modules/vite/dist/node/chunks/dep-eRCq8YxU.js:31645:43)
      at TransformPluginContext.error (file:///Users/isma/Work/code/Storybook/storybook-app/node_modules/vite/dist/node/chunks/dep-eRCq8YxU.js:31642:14)
      at normalizeUrl (file:///Users/isma/Work/code/Storybook/storybook-app/node_modules/vite/dist/node/chunks/dep-eRCq8YxU.js:30114:18)
      at process.processTicksAndRejections (node:internal/process/task_queues:105:5)
      at async file:///Users/isma/Work/code/Storybook/storybook-app/node_modules/vite/dist/node/chunks/dep-eRCq8YxU.js:30172:32
      at async Promise.all (index 1)
      at async TransformPluginContext.transform (file:///Users/isma/Work/code/Storybook/storybook-app/node_modules/vite/dist/node/chunks/dep-eRCq8YxU.js:30140:4)
      at async EnvironmentPluginContainer.transform (file:///Users/isma/Work/code/Storybook/storybook-app/node_modules/vite/dist/node/chunks/dep-eRCq8YxU.js:31443:14)
      at async loadAndTransform (file:///Users/isma/Work/code/Storybook/storybook-app/node_modules/vite/dist/node/chunks/dep-eRCq8YxU.js:26530:26)
6:57:16 AM [vite] (client) Pre-transform error: Failed to resolve import "@radix-ui/react-context-menu" from "src/components/ui/context-menu.tsx". Does the file exist?
  Plugin: vite:import-analysis
  File: /Users/isma/Work/code/Storybook/storybook-app/src/components/ui/context-menu.tsx:4:38
  1  |  "use client";
  2  |  import { jsxDEV as _jsxDEV } from "react/jsx-dev-runtime";
  3  |  import * as ContextMenuPrimitive from "@radix-ui/react-context-menu";
     |                                         ^
  4  |  import { CheckIcon, ChevronRightIcon, CircleIcon } from "lucide-react";
  5  |  import { cn } from "../../lib/utils";
6:57:16 AM [vite] Internal server error: Failed to resolve import "vaul" from "src/components/ui/drawer.tsx". Does the file exist?
  Plugin: vite:import-analysis
  File: /Users/isma/Work/code/Storybook/storybook-app/src/components/ui/drawer.tsx:4:42
  1  |  "use client";
  2  |  import { jsxDEV as _jsxDEV } from "react/jsx-dev-runtime";
  3  |  import { Drawer as DrawerPrimitive } from "vaul";
     |                                             ^
  4  |  import { cn } from "../../lib/utils";
  5  |  function Drawer({ ...props }) {
      at TransformPluginContext._formatLog (file:///Users/isma/Work/code/Storybook/storybook-app/node_modules/vite/dist/node/chunks/dep-eRCq8YxU.js:31645:43)
      at TransformPluginContext.error (file:///Users/isma/Work/code/Storybook/storybook-app/node_modules/vite/dist/node/chunks/dep-eRCq8YxU.js:31642:14)
      at normalizeUrl (file:///Users/isma/Work/code/Storybook/storybook-app/node_modules/vite/dist/node/chunks/dep-eRCq8YxU.js:30114:18)
      at process.processTicksAndRejections (node:internal/process/task_queues:105:5)
      at async file:///Users/isma/Work/code/Storybook/storybook-app/node_modules/vite/dist/node/chunks/dep-eRCq8YxU.js:30172:32
      at async Promise.all (index 1)
      at async TransformPluginContext.transform (file:///Users/isma/Work/code/Storybook/storybook-app/node_modules/vite/dist/node/chunks/dep-eRCq8YxU.js:30140:4)
      at async EnvironmentPluginContainer.transform (file:///Users/isma/Work/code/Storybook/storybook-app/node_modules/vite/dist/node/chunks/dep-eRCq8YxU.js:31443:14)
      at async loadAndTransform (file:///Users/isma/Work/code/Storybook/storybook-app/node_modules/vite/dist/node/chunks/dep-eRCq8YxU.js:26530:26)
6:57:16 AM [vite] (client) Pre-transform error: Failed to resolve import "vaul" from "src/components/ui/drawer.tsx". Does the file exist?
  Plugin: vite:import-analysis
  File: /Users/isma/Work/code/Storybook/storybook-app/src/components/ui/drawer.tsx:4:42
  1  |  "use client";
  2  |  import { jsxDEV as _jsxDEV } from "react/jsx-dev-runtime";
  3  |  import { Drawer as DrawerPrimitive } from "vaul";
     |                                             ^
  4  |  import { cn } from "../../lib/utils";
  5  |  function Drawer({ ...props }) {
